<?xml version="1.0" encoding="UTF-8"?>
<!-- Generated by org.testng.reporters.JUnitReportReporter -->
<testsuite hostname="catrine-VirtualBox" name="com.nackademin.catrine_bergstromner_assignment02.MyBasicCalcTest" tests="1" failures="0" timestamp="10 Mar 2021 19:35:36 GMT" time="0.077" errors="0">
  <testcase name="testCalc" time="0.077" classname="com.nackademin.catrine_bergstromner_assignment02.MyBasicCalcTest"/>
</testsuite> <!-- com.nackademin.catrine_bergstromner_assignment02.MyBasicCalcTest -->
