<?xml version="1.0" encoding="UTF-8"?>
<!-- Generated by org.testng.reporters.JUnitReportReporter -->
<testsuite hostname="catrine-VirtualBox" name="com.nackademin.catrine_bergstromner_assignment02.AppTest" tests="1" failures="0" timestamp="8 Mar 2021 20:31:21 GMT" time="0.013" errors="0">
  <testcase name="shouldAnswerWithTrue" time="0.013" classname="com.nackademin.catrine_bergstromner_assignment02.AppTest"/>
</testsuite> <!-- com.nackademin.catrine_bergstromner_assignment02.AppTest -->
